<?xml version="1.0" encoding="UTF-8" ?>
<testsuite errors="1" failures="0" hostname="LAPTOP-IV9GE5AS" name="access.CarreraDAOTest" skipped="0" tests="1" time="0.1" timestamp="2021-08-29T18:16:50">
  <properties>
    <property name="libs.jsp-compiler.javadoc" value="" />
    <property name="netbeans.autoupdate.country" value="US" />
    <property name="nb.wait.for.caches" value="true" />
    <property name="javac.test.classpath" value="D:\DESCARGAS\MuseoMVC\libs\json-simple-1.1.1.jar:D:\DESCARGAS\MuseoMVC\libs\mysql-connector-java-8.0.26.jar:C:\Program Files\NetBeans-12.0\netbeans\java\modules\ext\AbsoluteLayout.jar:build/classes:C:\Program Files\NetBeans-12.0\netbeans\platform\modules\ext\junit-jupiter-api-5.6.0.jar;C:\Program Files\NetBeans-12.0\netbeans\platform\modules\ext\junit-jupiter-params-5.6.0.jar;C:\Program Files\NetBeans-12.0\netbeans\platform\modules\ext\junit-jupiter-engine-5.6.0.jar:C:\Program Files\NetBeans-12.0\netbeans\platform\modules\ext\junit-4.12.jar" />
    <property name="libs.jsf20.maven-pom" value="" />
    <property name="javac.test.sourcepath" value="D:\DESCARGAS\MISIÓN_TIC_2022\PROGRAMACION\CICLO_II\PROGRAMACION_JAVA\FormulaMVC\build\empty" />
    <property name="maven.defaultProjectBuilder.disableGlobalModelCache" value="true" />
    <property name="libs.spring-webmvc4.0.src" value="" />
    <property name="ant.core.lib" value="C:\Program Files\NetBeans-12.0\netbeans\extide\ant\lib\ant.jar" />
    <property name="javadoc.windowtitle" value="" />
    <property name="libs.jsp-compilation.javadoc" value="" />
    <property name="user.dir" value="D:\DESCARGAS\MISIÓN_TIC_2022\PROGRAMACION\CICLO_II\PROGRAMACION_JAVA\FormulaMVC" />
    <property name="libs.javaee-api-7.0.src" value="" />
    <property name="java.vm.version" value="25.211-b12" />
    <property name="libs.eclipselinkmodelgen.src" value="" />
    <property name="jlink.additionalmodules" value="" />
    <property name="javadoc.notree" value="false" />
    <property name="netbeans.autoupdate.version" value="1.23" />
    <property name="libs.EclipseLink-GlassFish-v3.classpath" value="C:\AppServers\glassfish5\glassfish\modules\org.eclipse.persistence.antlr.jar;C:\AppServers\glassfish5\glassfish\modules\org.eclipse.persistence.asm.jar;C:\AppServers\glassfish5\glassfish\modules\org.eclipse.persistence.core.jar;C:\AppServers\glassfish5\glassfish\modules\org.eclipse.persistence.dbws.jar;C:\AppServers\glassfish5\glassfish\modules\org.eclipse.persistence.jpa.jar;C:\AppServers\glassfish5\glassfish\modules\org.eclipse.persistence.jpa.jpql.jar;C:\AppServers\glassfish5\glassfish\modules\org.eclipse.persistence.jpa.modelgen.processor.jar;C:\AppServers\glassfish5\glassfish\modules\org.eclipse.persistence.moxy.jar;C:\AppServers\glassfish5\glassfish\modules\org.eclipse.persistence.oracle.jar;C:\AppServers\glassfish5\glassfish\modules\javax.persistence.jar" />
    <property name="libs.javaee-web-api-6.0.classpath" value="C:\Program Files\NetBeans-12.0\netbeans\enterprise\modules\ext\javaee-web-api-6.0.jar" />
    <property name="libs.Java-EE-GlassFish-v3-Prelude.javadoc" value="C:\Program Files\NetBeans-12.0\netbeans\enterprise\docs\javaee-doc-api.jar" />
    <property name="javac.profile.cmd.line.arg" value="" />
    <property name="jdk.home" value="C:\Program Files\AdoptOpenJDK\jdk-11.0.11.9-hotspot" />
    <property name="libs.javac-api.src" value="" />
    <property name="javadoc.noindex" value="false" />
    <property name="sun.os.patch.level" value="" />
    <property name="libs.Java-EE-GlassFish-v3-Prelude.src" value="" />
    <property name="do.archive+manifest.available" value="true" />
    <property name="java.vm.specification.name" value="Java Virtual Machine Specification" />
    <property name="nb.show.statistics.ui" value="usageStatisticsEnabled" />
    <property name="netbeans.autoupdate.variant" value="" />
    <property name="have.tests" value="true" />
    <property name="org.xml.sax.driver" value="com.sun.org.apache.xerces.internal.jaxp.SAXParserImpl$JAXPSAXParser" />
    <property name="libs.hamcrest.classpath" value="C:\Program Files\NetBeans-12.0\netbeans\platform\modules\ext\hamcrest-core-1.3.jar" />
    <property name="libs.javac-api.javadoc" value="" />
    <property name="os.name" value="Windows 10" />
    <property name="jdk.gtk.version" value="2.2" />
    <property name="libs.javaee-endorsed-api-7.0.maven-pom" value="" />
    <property name="ap.proc.none.internal" value="" />
    <property name="libs.restapi.javadoc" value="" />
    <property name="libs.JWSAntTasks.maven-pom" value="" />
    <property name="libs.jstl.classpath" value="C:\Program Files\NetBeans-12.0\netbeans\enterprise\modules\ext\jstl-impl.jar;C:\Program Files\NetBeans-12.0\netbeans\enterprise\modules\ext\jstl-api.jar" />
    <property name="libs.testng.src" value="" />
    <property name="libs.spring-webmvc3.0.src" value="" />
    <property name="libs.restapi.classpath" value="C:\Program Files\NetBeans-12.0\netbeans\enterprise\modules\ext\jaxrs-2.0\javax.ws.rs-api-2.0.jar" />
    <property name="java.vendor.url.bug" value="http://bugreport.sun.com/bugreport/" />
    <property name="libs.jaxb.maven-pom" value="" />
    <property name="os.arch" value="amd64" />
    <property name="libs.eclipselink.src" value="" />
    <property name="user.name" value="delga" />
    <property name="libs.jsf12.javadoc" value="C:\Program Files\NetBeans-12.0\netbeans\enterprise\docs\javaee-doc-api.jar" />
    <property name="libs.Comet-GlassFish-v3.javadoc" value="" />
    <property name="copylibs.rebase" value="true" />
    <property name="libs.spring-webmvc5.0.javadoc" value="" />
    <property name="libs.spring-framework500.classpath" value="C:\Program Files\NetBeans-12.0\netbeans\platform\modules\org-apache-commons-logging.jar;C:\Program Files\NetBeans-12.0\netbeans\java\modules\ext\cglib-2.2.jar;C:\Program Files\NetBeans-12.0\netbeans\java\modules\ext\spring-5\spring-aop-5.2.2.RELEASE.jar;C:\Program Files\NetBeans-12.0\netbeans\java\modules\ext\spring-5\spring-aspects-5.2.2.RELEASE.jar;C:\Program Files\NetBeans-12.0\netbeans\java\modules\ext\spring-5\spring-beans-5.2.2.RELEASE.jar;C:\Program Files\NetBeans-12.0\netbeans\java\modules\ext\spring-5\spring-context-5.2.2.RELEASE.jar;C:\Program Files\NetBeans-12.0\netbeans\java\modules\ext\spring-5\spring-context-indexer-5.2.2.RELEASE.jar;C:\Program Files\NetBeans-12.0\netbeans\java\modules\ext\spring-5\spring-context-support-5.2.2.RELEASE.jar;C:\Program Files\NetBeans-12.0\netbeans\java\modules\ext\spring-5\spring-core-5.2.2.RELEASE.jar;C:\Program Files\NetBeans-12.0\netbeans\java\modules\ext\spring-5\spring-expression-5.2.2.RELEASE.jar;C:\Program Files\NetBeans-12.0\netbeans\java\modules\ext\spring-5\spring-instrument-5.2.2.RELEASE.jar;C:\Program Files\NetBeans-12.0\netbeans\java\modules\ext\spring-5\spring-jcl-5.2.2.RELEASE.jar;C:\Program Files\NetBeans-12.0\netbeans\java\modules\ext\spring-5\spring-jdbc-5.2.2.RELEASE.jar;C:\Program Files\NetBeans-12.0\netbeans\java\modules\ext\spring-5\spring-jms-5.2.2.RELEASE.jar;C:\Program Files\NetBeans-12.0\netbeans\java\modules\ext\spring-5\spring-messaging-5.2.2.RELEASE.jar;C:\Program Files\NetBeans-12.0\netbeans\java\modules\ext\spring-5\spring-orm-5.2.2.RELEASE.jar;C:\Program Files\NetBeans-12.0\netbeans\java\modules\ext\spring-5\spring-oxm-5.2.2.RELEASE.jar;C:\Program Files\NetBeans-12.0\netbeans\java\modules\ext\spring-5\spring-test-5.2.2.RELEASE.jar;C:\Program Files\NetBeans-12.0\netbeans\java\modules\ext\spring-5\spring-tx-5.2.2.RELEASE.jar;C:\Program Files\NetBeans-12.0\netbeans\java\modules\ext\spring-5\spring-web-5.2.2.RELEASE.jar;C:\Program Files\NetBeans-12.0\netbeans\java\modules\ext\spring-5\spring-webflux-5.2.2.RELEASE.jar;C:\Program Files\NetBeans-12.0\netbeans\java\modules\ext\spring-5\spring-webmvc-5.2.2.RELEASE.jar;C:\Program Files\NetBeans-12.0\netbeans\java\modules\ext\spring-5\spring-websocket-5.2.2.RELEASE.jar" />
    <property name="libs.spring-webmvc3.0.maven-pom" value="" />
    <property name="sun.java.command" value="org.apache.tools.ant.taskdefs.optional.junit.JUnitTestRunner access.CarreraDAOTest skipNonTests=false filtertrace=true haltOnError=false haltOnFailure=false showoutput=true outputtoformatters=true logfailedtests=true threadid=0 logtestlistenerevents=true formatter=org.apache.tools.ant.taskdefs.optional.junit.BriefJUnitResultFormatter formatter=org.apache.tools.ant.taskdefs.optional.junit.XMLJUnitResultFormatter,D:\DESCARGAS\MISIÓN_TIC_2022\PROGRAMACION\CICLO_II\PROGRAMACION_JAVA\FormulaMVC\build\test\results\TEST-access.CarreraDAOTest.xml crashfile=D:\DESCARGAS\MISIÓN_TIC_2022\PROGRAMACION\CICLO_II\PROGRAMACION_JAVA\FormulaMVC\build\junitvmwatcher4314028343624814715.properties propsfile=D:\DESCARGAS\MISIÓN_TIC_2022\PROGRAMACION\CICLO_II\PROGRAMACION_JAVA\FormulaMVC\build\junit5427965974734273889.properties" />
    <property name="build.classes.dir" value="build/classes" />
    <property name="build.sysclasspath" value="ignore" />
    <property name="manifest.encoding" value="UTF-8" />
    <property name="ap.supported.internal" value="true" />
    <property name="java.failonerror" value="true" />
    <property name="libs.javaee-api-8.0.maven-pom" value="" />
    <property name="run.modulepath" value="" />
    <property name="libs.javaee-endorsed-api-7.0.javadoc" value="C:\Program Files\NetBeans-12.0\netbeans\enterprise\docs\javaee-doc-api.jar" />
    <property name="libs.jaxws21.javadoc" value="C:\Program Files\NetBeans-12.0\netbeans\java\docs\jaxws-api-doc.zip" />
    <property name="jdk.debug" value="release" />
    <property name="libs.spring-webmvc4.0.javadoc" value="" />
    <property name="includes" value="**" />
    <property name="user.country" value="US" />
    <property name="manifest.file" value="manifest.mf" />
    <property name="javadoc.encoding" value="UTF-8" />
    <property name="platform.home" value="C:\Program Files\Java\jdk1.8.0_211" />
    <property name="javac.classpath" value="D:\DESCARGAS\MuseoMVC\libs\json-simple-1.1.1.jar:D:\DESCARGAS\MuseoMVC\libs\mysql-connector-java-8.0.26.jar:C:\Program Files\NetBeans-12.0\netbeans\java\modules\ext\AbsoluteLayout.jar" />
    <property name="libs.jsp-compilation-syscp.src" value="" />
    <property name="libs.JAVADB_DRIVER_LABEL.src" value="" />
    <property name="ant.file.FormulaMVC-impl" value="D:\DESCARGAS\MISIÓN_TIC_2022\PROGRAMACION\CICLO_II\PROGRAMACION_JAVA\FormulaMVC\nbproject\build-impl.xml" />
    <property name="libs.spring-framework400.classpath" value="C:\Program Files\NetBeans-12.0\netbeans\platform\modules\org-apache-commons-logging.jar;C:\Program Files\NetBeans-12.0\netbeans\java\modules\ext\cglib-2.2.jar;C:\Program Files\NetBeans-12.0\netbeans\java\modules\ext\spring-4\spring-aop-4.3.25.RELEASE.jar;C:\Program Files\NetBeans-12.0\netbeans\java\modules\ext\spring-4\spring-aspects-4.3.25.RELEASE.jar;C:\Program Files\NetBeans-12.0\netbeans\java\modules\ext\spring-4\spring-beans-4.3.25.RELEASE.jar;C:\Program Files\NetBeans-12.0\netbeans\java\modules\ext\spring-4\spring-context-4.3.25.RELEASE.jar;C:\Program Files\NetBeans-12.0\netbeans\java\modules\ext\spring-4\spring-context-support-4.3.25.RELEASE.jar;C:\Program Files\NetBeans-12.0\netbeans\java\modules\ext\spring-4\spring-core-4.3.25.RELEASE.jar;C:\Program Files\NetBeans-12.0\netbeans\java\modules\ext\spring-4\spring-expression-4.3.25.RELEASE.jar;C:\Program Files\NetBeans-12.0\netbeans\java\modules\ext\spring-4\spring-instrument-4.3.25.RELEASE.jar;C:\Program Files\NetBeans-12.0\netbeans\java\modules\ext\spring-4\spring-instrument-tomcat-4.3.25.RELEASE.jar;C:\Program Files\NetBeans-12.0\netbeans\java\modules\ext\spring-4\spring-jdbc-4.3.25.RELEASE.jar;C:\Program Files\NetBeans-12.0\netbeans\java\modules\ext\spring-4\spring-jms-4.3.25.RELEASE.jar;C:\Program Files\NetBeans-12.0\netbeans\java\modules\ext\spring-4\spring-messaging-4.3.25.RELEASE.jar;C:\Program Files\NetBeans-12.0\netbeans\java\modules\ext\spring-4\spring-orm-4.3.25.RELEASE.jar;C:\Program Files\NetBeans-12.0\netbeans\java\modules\ext\spring-4\spring-oxm-4.3.25.RELEASE.jar;C:\Program Files\NetBeans-12.0\netbeans\java\modules\ext\spring-4\spring-test-4.3.25.RELEASE.jar;C:\Program Files\NetBeans-12.0\netbeans\java\modules\ext\spring-4\spring-tx-4.3.25.RELEASE.jar;C:\Program Files\NetBeans-12.0\netbeans\java\modules\ext\spring-4\spring-web-4.3.25.RELEASE.jar;C:\Program Files\NetBeans-12.0\netbeans\java\modules\ext\spring-4\spring-webmvc-4.3.25.RELEASE.jar;C:\Program Files\NetBeans-12.0\netbeans\java\modules\ext\spring-4\spring-webmvc-portlet-4.3.25.RELEASE.jar;C:\Program Files\NetBeans-12.0\netbeans\java\modules\ext\spring-4\spring-websocket-4.3.25.RELEASE.jar" />
    <property name="platform.bootcp" value="C:\Program Files\Java\jdk1.8.0_211\jre\lib\resources.jar;C:\Program Files\Java\jdk1.8.0_211\jre\lib\rt.jar;C:\Program Files\Java\jdk1.8.0_211\jre\lib\sunrsasign.jar;C:\Program Files\Java\jdk1.8.0_211\jre\lib\jsse.jar;C:\Program Files\Java\jdk1.8.0_211\jre\lib\jce.jar;C:\Program Files\Java\jdk1.8.0_211\jre\lib\charsets.jar;C:\Program Files\Java\jdk1.8.0_211\jre\lib\jfr.jar;C:\Program Files\Java\jdk1.8.0_211\jre\classes;C:\Program Files\Java\jdk1.8.0_211\jre\lib\ext\access-bridge-64.jar;C:\Program Files\Java\jdk1.8.0_211\jre\lib\ext\cldrdata.jar;C:\Program Files\Java\jdk1.8.0_211\jre\lib\ext\dnsns.jar;C:\Program Files\Java\jdk1.8.0_211\jre\lib\ext\jaccess.jar;C:\Program Files\Java\jdk1.8.0_211\jre\lib\ext\jfxrt.jar;C:\Program Files\Java\jdk1.8.0_211\jre\lib\ext\localedata.jar;C:\Program Files\Java\jdk1.8.0_211\jre\lib\ext\nashorn.jar;C:\Program Files\Java\jdk1.8.0_211\jre\lib\ext\sunec.jar;C:\Program Files\Java\jdk1.8.0_211\jre\lib\ext\sunjce_provider.jar;C:\Program Files\Java\jdk1.8.0_211\jre\lib\ext\sunmscapi.jar;C:\Program Files\Java\jdk1.8.0_211\jre\lib\ext\sunpkcs11.jar;C:\Program Files\Java\jdk1.8.0_211\jre\lib\ext\zipfs.jar" />
    <property name="debug-transport" value="dt_shmem" />
    <property name="netbeans.home" value="C:\Program Files\NetBeans-12.0\netbeans\platform" />
    <property name="build.compiler.emacs" value="true" />
    <property name="libs.javaee-web-api-6.0.src" value="" />
    <property name="libs.jsp-compilation-syscp.classpath" value="C:\Program Files\NetBeans-12.0\netbeans\extide\ant\lib\ant.jar;C:\Program Files\NetBeans-12.0\netbeans\enterprise\modules\ext\servlet3.1-jsp2.3-api.jar;C:\Program Files\NetBeans-12.0\netbeans\enterprise\modules\ext\glassfish-jspparser-4.0.jar;C:\Program Files\NetBeans-12.0\netbeans\enterprise\modules\ext\jstl-impl.jar;C:\Program Files\NetBeans-12.0\netbeans\enterprise\modules\ext\jsf-2_2\javax.faces.jar" />
    <property name="javac.modulepath" value="" />
    <property name="java.endorsed.dirs" value="C:\Program Files\Java\jdk1.8.0_211\jre\lib\endorsed" />
    <property name="libs.Comet-GlassFish-v3.maven-pom" value="" />
    <property name="libs.groovy-all.src" value="" />
    <property name="libs.junit_5.src" value="C:\Program Files\NetBeans-12.0\netbeans\platform\docs\junit-jupiter-api-5.6.0-sources.jar;C:\Program Files\NetBeans-12.0\netbeans\platform\docs\junit-jupiter-params-5.6.0-sources.jar;C:\Program Files\NetBeans-12.0\netbeans\platform\docs\junit-jupiter-engine-5.6.0-sources.jar" />
    <property name="netbeans.dynamic.classpath" value="C:\Program Files\NetBeans-12.0\netbeans\platform\core\asm-7.2.jar;C:\Program Files\NetBeans-12.0\netbeans\platform\core\asm-commons-7.2.jar;C:\Program Files\NetBeans-12.0\netbeans\platform\core\asm-tree-7.2.jar;C:\Program Files\NetBeans-12.0\netbeans\platform\core\core-base.jar;C:\Program Files\NetBeans-12.0\netbeans\platform\core\core.jar;C:\Program Files\NetBeans-12.0\netbeans\platform\core\org-netbeans-libs-asm.jar;C:\Program Files\NetBeans-12.0\netbeans\platform\core\org-openide-filesystems-compat8.jar;C:\Program Files\NetBeans-12.0\netbeans\platform\core\org-openide-filesystems.jar;C:\Program Files\NetBeans-12.0\netbeans\nb\core\org-netbeans-upgrader.jar;C:\Program Files\NetBeans-12.0\netbeans\nb\core\locale\core_nb.jar" />
    <property name="libs.maven-dependencies.classpath" value="C:\Program Files\NetBeans-12.0\netbeans\enterprise\modules\ext\javaee6-endorsed\javax.annotation.jar;C:\Program Files\NetBeans-12.0\netbeans\enterprise\modules\ext\javaee6-endorsed\jaxb-api-osgi.jar;C:\Program Files\NetBeans-12.0\netbeans\enterprise\modules\ext\javaee6-endorsed\webservices-api-osgi.jar" />
    <property name="java.vm.specification.version" value="1.8" />
    <property name="plugin.manager.check.updates" value="false" />
    <property name="libs.primefaces.classpath" value="C:\Program Files\NetBeans-12.0\netbeans\enterprise\modules\ext\primefaces\primefaces-5.0.jar" />
    <property name="libs.javaee-api-6.0.classpath" value="C:\Program Files\NetBeans-12.0\netbeans\enterprise\modules\ext\javaee-api-6.0.jar" />
    <property name="libs.groovy-all.maven-pom" value="" />
    <property name="netbeans.productversion" value="Apache NetBeans IDE 12.0" />
    <property name="libs.jaxws21.src" value="" />
    <property name="do.archive" value="true" />
    <property name="file.reference.json-simple-1.1.1.jar" value="D:\DESCARGAS\MuseoMVC\libs\json-simple-1.1.1.jar" />
    <property name="libs.spring-webmvc5.0.classpath" value="C:\Program Files\NetBeans-12.0\netbeans\java\modules\ext\spring-5\spring-webmvc-5.2.2.RELEASE.jar" />
    <property name="netbeans.autoupdate.language" value="en" />
    <property name="java.vendor" value="Oracle Corporation" />
    <property name="libs.javaee-api-6.0.javadoc" value="C:\Program Files\NetBeans-12.0\netbeans\enterprise\docs\javaee-doc-api.jar" />
    <property name="jar.index.metainf" value="false" />
    <property name="javac.debug" value="true" />
    <property name="javadoc.splitindex" value="true" />
    <property name="file.separator" value="\" />
    <property name="libs.Java-EE-GlassFish-v3-Prelude.maven-pom" value="" />
    <property name="libs.junit_4.maven-pom" value="" />
    <property name="mkdist.disabled" value="false" />
    <property name="javac.test.processorpath" value="D:\DESCARGAS\MuseoMVC\libs\json-simple-1.1.1.jar:D:\DESCARGAS\MuseoMVC\libs\mysql-connector-java-8.0.26.jar:C:\Program Files\NetBeans-12.0\netbeans\java\modules\ext\AbsoluteLayout.jar:build/classes:C:\Program Files\NetBeans-12.0\netbeans\platform\modules\ext\junit-jupiter-api-5.6.0.jar;C:\Program Files\NetBeans-12.0\netbeans\platform\modules\ext\junit-jupiter-params-5.6.0.jar;C:\Program Files\NetBeans-12.0\netbeans\platform\modules\ext\junit-jupiter-engine-5.6.0.jar:C:\Program Files\NetBeans-12.0\netbeans\platform\modules\ext\junit-4.12.jar" />
    <property name="netbeans.buildnumber" value="12.0-631bd69cd6112b1cc4c892c24e3e605b1ba04241" />
    <property name="libs.JWSAntTasks.javadoc" value="" />
    <property name="build.generated.sources.dir" value="build/generated-sources" />
    <property name="user.variant" value="" />
    <property name="libs.eclipselinkmodelgen.classpath" value="C:\Program Files\NetBeans-12.0\netbeans\java\modules\ext\eclipselink\org.eclipse.persistence.jpa.modelgen.processor-2.5.2.jar" />
    <property name="libs.javaee-endorsed-api-7.0.src" value="" />
    <property name="sun.java.launcher" value="SUN_STANDARD" />
    <property name="libs.jaxb.javadoc" value="C:\Program Files\NetBeans-12.0\netbeans\ide\docs\jaxb-api-doc.jar" />
    <property name="libs.struts.classpath" value="C:\Program Files\NetBeans-12.0\netbeans\enterprise\modules\ext\struts\antlr-2.7.2.jar;C:\Program Files\NetBeans-12.0\netbeans\enterprise\modules\ext\struts\bsf-2.3.0.jar;C:\Program Files\NetBeans-12.0\netbeans\enterprise\modules\ext\struts\commons-beanutils-1.8.0.jar;C:\Program Files\NetBeans-12.0\netbeans\enterprise\modules\ext\struts\commons-chain-1.2.jar;C:\Program Files\NetBeans-12.0\netbeans\enterprise\modules\ext\struts\commons-digester-1.8.jar;C:\Program Files\NetBeans-12.0\netbeans\enterprise\modules\ext\struts\commons-fileupload-1.1.1.jar;C:\Program Files\NetBeans-12.0\netbeans\enterprise\modules\ext\struts\commons-io-1.1.jar;C:\Program Files\NetBeans-12.0\netbeans\enterprise\modules\ext\struts\commons-logging-1.0.4.jar;C:\Program Files\NetBeans-12.0\netbeans\enterprise\modules\ext\struts\commons-validator-1.3.1.jar;C:\Program Files\NetBeans-12.0\netbeans\enterprise\modules\ext\struts\jstl-1.0.2.jar;C:\Program Files\NetBeans-12.0\netbeans\enterprise\modules\ext\struts\oro-2.0.8.jar;C:\Program Files\NetBeans-12.0\netbeans\enterprise\modules\ext\struts\standard-1.0.6.jar;C:\Program Files\NetBeans-12.0\netbeans\enterprise\modules\ext\struts\struts-core-1.3.10.jar;C:\Program Files\NetBeans-12.0\netbeans\enterprise\modules\ext\struts\struts-el-1.3.10.jar;C:\Program Files\NetBeans-12.0\netbeans\enterprise\modules\ext\struts\struts-extras-1.3.10.jar;C:\Program Files\NetBeans-12.0\netbeans\enterprise\modules\ext\struts\struts-faces-1.3.10.jar;C:\Program Files\NetBeans-12.0\netbeans\enterprise\modules\ext\struts\struts-mailreader-dao-1.3.10.jar;C:\Program Files\NetBeans-12.0\netbeans\enterprise\modules\ext\struts\struts-scripting-1.3.10.jar;C:\Program Files\NetBeans-12.0\netbeans\enterprise\modules\ext\struts\struts-taglib-1.3.10.jar;C:\Program Files\NetBeans-12.0\netbeans\enterprise\modules\ext\struts\struts-tiles-1.3.10.jar" />
    <property name="ant.file.FormulaMVC" value="D:\DESCARGAS\MISIÓN_TIC_2022\PROGRAMACION\CICLO_II\PROGRAMACION_JAVA\FormulaMVC\build.xml" />
    <property name="ant.home" value="C:\Program Files\NetBeans-12.0\netbeans\extide\ant" />
    <property name="libs.junit_4.src" value="C:\Program Files\NetBeans-12.0\netbeans\platform\docs\junit-4.12-sources.jar" />
    <property name="libs.testng.classpath" value="C:\Program Files\NetBeans-12.0\netbeans\platform\modules\ext\testng-6.8.1-dist.jar" />
    <property name="libs.absolutelayout.maven-pom" value="" />
    <property name="ant.java.version" value="11" />
    <property name="java.library.path" value="C:\Program Files\Java\jdk1.8.0_211\bin;C:\WINDOWS\Sun\Java\bin;C:\WINDOWS\system32;C:\WINDOWS;C:\app\delga\product\18.0.0\dbhomeXE\bin;C:\Program Files\AdoptOpenJDK\jdk-11.0.11.9-hotspot\bin;C:\Program Files (x86)\Common Files\Oracle\Java\javapath;C:\windows\system32;C:\windows;C:\windows\System32\Wbem;C:\windows\System32\WindowsPowerShell\v1.0\;C:\windows\System32\OpenSSH\;C:\Program Files\NVIDIA Corporation\NVIDIA NvDLISR;C:\WINDOWS\system32;C:\WINDOWS;C:\WINDOWS\System32\Wbem;C:\WINDOWS\System32\WindowsPowerShell\v1.0\;C:\WINDOWS\System32\OpenSSH\;C:\Program Files\PuTTY\;C:\Program Files\Git\cmd;C:\Program Files\AdoptOpenJDK\jdk-11.0.11.9-hotspot\\bin;C:\Program Files\Microsoft SQL Server\Client SDK\ODBC\110\Tools\Binn\;C:\Program Files (x86)\Microsoft SQL Server\120\Tools\Binn\;C:\Program Files\Microsoft SQL Server\120\Tools\Binn\;C:\Program Files\Microsoft SQL Server\120\DTS\Binn\;C:\Program Files (x86)\Windows Kits\8.1\Windows Performance Toolkit\;C:\Program Files\nodejs\;C:\ProgramData\chocolatey\bin;C:\Program Files\Java\jdk1.8.0_211\bin;C:\Android\android-sdk\tools;C:\Android\android-sdk\platform-tools;C:\Android\android-sdk\tools\bin;C:\Program Files\dotnet\;C:\Program Files\Microsoft SQL Server\110\Tools\Binn\;C:\Program Files\Docker\Docker\resources\bin;C:\ProgramData\DockerDesktop\version-bin;C:\Users\delga\AppData\Local\Programs\Python\Python39\Scripts\;C:\Users\delga\AppData\Local\Programs\Python\Python39\;C:\Users\delga\AppData\Local\Programs\Python\Launcher\;C:\Users\delga\AppData\Local\Microsoft\WindowsApps;C:\Users\delga\AppData\Local\Programs\Microsoft VS Code\bin;C:\Users\delga\AppData\Roaming\npm;C:\src\flutter_windows_2.0.1-stable\flutter\bin;C:\Users\delga\.dotnet\tools;;." />
    <property name="javadoc.author" value="false" />
    <property name="libs.metro.maven-pom" value="" />
    <property name="libs.EclipseLink-GlassFish-v3.src" value="" />
    <property name="java.util.logging.config.class" value="org.netbeans.core.startup.TopLogging" />
    <property name="libs.spring-framework400.src" value="" />
    <property name="libs.PostgreSQLDriver.src" value="" />
    <property name="libs.spring-framework500.javadoc" value="" />
    <property name="ant.file.type.FormulaMVC-impl" value="file" />
    <property name="sun.arch.data.model" value="64" />
    <property name="basedir" value="D:\DESCARGAS\MISIÓN_TIC_2022\PROGRAMACION\CICLO_II\PROGRAMACION_JAVA\FormulaMVC" />
    <property name="libs.jpa20-persistence.maven-pom" value="" />
    <property name="jar.compress" value="false" />
    <property name="libs.javaee-web-api-7.0.classpath" value="C:\Program Files\NetBeans-12.0\netbeans\enterprise\modules\ext\javaee-web-api-7.0.jar" />
    <property name="path.separator" value=";" />
    <property name="libs.javaee-web-api-6.0.javadoc" value="C:\Program Files\NetBeans-12.0\netbeans\enterprise\docs\javaee-doc-api.jar" />
    <property name="ant.junit.enabletestlistenerevents" value="true" />
    <property name="platform.javac" value="C:\Program Files\Java\jdk1.8.0_211/bin/javac" />
    <property name="sun.io.unicode.encoding" value="UnicodeLittle" />
    <property name="libs.jaxws21.classpath" value="C:\Program Files\NetBeans-12.0\netbeans\ide\modules\ext\jaxb\jaxb-impl.jar;C:\Program Files\NetBeans-12.0\netbeans\ide\modules\ext\jaxb\jaxb-xjc.jar;C:\Program Files\NetBeans-12.0\netbeans\java\modules\ext\jaxws22\FastInfoset.jar;C:\Program Files\NetBeans-12.0\netbeans\java\modules\ext\jaxws22\gmbal-api-only.jar;C:\Program Files\NetBeans-12.0\netbeans\java\modules\ext\jaxws22\ha-api.jar;C:\Program Files\NetBeans-12.0\netbeans\java\modules\ext\jaxws22\javax.mail_1.4.jar;C:\Program Files\NetBeans-12.0\netbeans\java\modules\ext\jaxws22\jaxws-rt.jar;C:\Program Files\NetBeans-12.0\netbeans\java\modules\ext\jaxws22\jaxws-tools.jar;C:\Program Files\NetBeans-12.0\netbeans\java\modules\ext\jaxws22\management-api.jar;C:\Program Files\NetBeans-12.0\netbeans\java\modules\ext\jaxws22\mimepull.jar;C:\Program Files\NetBeans-12.0\netbeans\java\modules\ext\jaxws22\policy.jar;C:\Program Files\NetBeans-12.0\netbeans\java\modules\ext\jaxws22\saaj-impl.jar;C:\Program Files\NetBeans-12.0\netbeans\java\modules\ext\jaxws22\stax-ex.jar;C:\Program Files\NetBeans-12.0\netbeans\java\modules\ext\jaxws22\stax2-api.jar;C:\Program Files\NetBeans-12.0\netbeans\java\modules\ext\jaxws22\streambuffer.jar;C:\Program Files\NetBeans-12.0\netbeans\java\modules\ext\jaxws22\woodstox-core-asl.jar;C:\Program Files\NetBeans-12.0\netbeans\java\modules\ext\jaxws22\api\jaxws-api.jar;C:\Program Files\NetBeans-12.0\netbeans\java\modules\ext\jaxws22\api\jsr181-api.jar;C:\Program Files\NetBeans-12.0\netbeans\java\modules\ext\jaxws22\api\javax.annotation.jar;C:\Program Files\NetBeans-12.0\netbeans\java\modules\ext\jaxws22\api\saaj-api.jar;C:\Program Files\NetBeans-12.0\netbeans\ide\modules\ext\jaxb\activation.jar;C:\Program Files\NetBeans-12.0\netbeans\ide\modules\ext\jaxb\api\jaxb-api.jar" />
    <property name="dist.jlink.output" value="dist/jlink/FormulaMVC" />
    <property name="libs.struts.src" value="" />
    <property name="compile.on.save" value="true" />
    <property name="apple.awt.graphics.UseQuartz" value="true" />
    <property name="user.language" value="en" />
    <property name="testng.mode" value="testng" />
    <property name="libs.JAXB-ENDORSED.maven-pom" value="" />
    <property name="libs.eclipselink.maven-pom" value="" />
    <property name="org.netbeans.io.suspend" value="0" />
    <property name="test.binaryincludes" value="&lt;nothing&gt;" />
    <property name="manifest.available" value="true" />
    <property name="libs.primefaces.javadoc" value="" />
    <property name="libs.spring-framework300.maven-pom" value="" />
    <property name="run.test.classpath" value="D:\DESCARGAS\MuseoMVC\libs\json-simple-1.1.1.jar:D:\DESCARGAS\MuseoMVC\libs\mysql-connector-java-8.0.26.jar:C:\Program Files\NetBeans-12.0\netbeans\java\modules\ext\AbsoluteLayout.jar:build/classes:C:\Program Files\NetBeans-12.0\netbeans\platform\modules\ext\junit-jupiter-api-5.6.0.jar;C:\Program Files\NetBeans-12.0\netbeans\platform\modules\ext\junit-jupiter-params-5.6.0.jar;C:\Program Files\NetBeans-12.0\netbeans\platform\modules\ext\junit-jupiter-engine-5.6.0.jar:C:\Program Files\NetBeans-12.0\netbeans\platform\modules\ext\junit-4.12.jar:build/test/classes" />
    <property name="ant.project.invoked-targets" value="test" />
    <property name="test.binaryexcludes" value="" />
    <property name="sun.java2d.dpiaware" value="true" />
    <property name="https.nonProxyHosts" value="localhost|127.0.0.1|LAPTOP-IV9GE5AS" />
    <property name="libs.PostgreSQLDriver.maven-pom" value="" />
    <property name="java.class.version" value="52.0" />
    <property name="libs.JAVADB_DRIVER_LABEL.classpath" value="C:\AppServers\glassfish5\javadb\lib\derby.jar;C:\AppServers\glassfish5\javadb\lib\derbyclient.jar;C:\AppServers\glassfish5\javadb\lib\derbynet.jar" />
    <property name="libs.eclipselink.javadoc" value="C:\Program Files\NetBeans-12.0\netbeans\java\modules\ext\docs\javax.persistence-2.1.0-doc.zip" />
    <property name="platforms.JDK_1.8.compiler" value="modern" />
    <property name="libs.jsp-compilation.maven-pom" value="" />
    <property name="user.properties.file" value="C:\Users\delga\AppData\Roaming\NetBeans\12.0\build.properties" />
    <property name="runtime.encoding" value="UTF-8" />
    <property name="libs.javac-api.maven-pom" value="" />
    <property name="file.encoding.pkg" value="sun.io" />
    <property name="sun.cpu.endian" value="little" />
    <property name="libs.JAXB-ENDORSED.javadoc" value="" />
    <property name="libs.JWSAntTasks.classpath" value="C:\Program Files\NetBeans-12.0\netbeans\java\ant\extra\org-netbeans-modules-javawebstart-anttasks.jar" />
    <property name="libs.spring-webmvc4.0.maven-pom" value="" />
    <property name="libs.spring-framework300.src" value="" />
    <property name="libs.jstl.src" value="" />
    <property name="empty.dir" value="D:\DESCARGAS\MISIÓN_TIC_2022\PROGRAMACION\CICLO_II\PROGRAMACION_JAVA\FormulaMVC\build\empty" />
    <property name="test.binarytestincludes" value="" />
    <property name="javadoc.preview" value="true" />
    <property name="libs.jpa20-persistence.javadoc" value="C:\Program Files\NetBeans-12.0\netbeans\java\modules\ext\docs\javax.persistence-2.1.0-doc.zip" />
    <property name="java.home" value="C:\Program Files\Java\jdk1.8.0_211\jre" />
    <property name="libs.jsp-compilation.src" value="" />
    <property name="debug.test.classpath" value="D:\DESCARGAS\MuseoMVC\libs\json-simple-1.1.1.jar:D:\DESCARGAS\MuseoMVC\libs\mysql-connector-java-8.0.26.jar:C:\Program Files\NetBeans-12.0\netbeans\java\modules\ext\AbsoluteLayout.jar:build/classes:C:\Program Files\NetBeans-12.0\netbeans\platform\modules\ext\junit-jupiter-api-5.6.0.jar;C:\Program Files\NetBeans-12.0\netbeans\platform\modules\ext\junit-jupiter-params-5.6.0.jar;C:\Program Files\NetBeans-12.0\netbeans\platform\modules\ext\junit-jupiter-engine-5.6.0.jar:C:\Program Files\NetBeans-12.0\netbeans\platform\modules\ext\junit-4.12.jar:build/test/classes" />
    <property name="libs.javaee-api-6.0.src" value="" />
    <property name="netbeans.importclass" value="org.netbeans.upgrade.AutoUpgrade" />
    <property name="ant.project.default-target" value="default" />
    <property name="annotation.processing.run.all.processors" value="true" />
    <property name="libs.PostgreSQLDriver.javadoc" value="" />
    <property name="libs.restlib.classpath" value="C:\Program Files\NetBeans-12.0\netbeans\enterprise\modules\ext\jersey2\ext\asm-all-repackaged-2.2.0-b21.jar;C:\Program Files\NetBeans-12.0\netbeans\enterprise\modules\ext\jersey2\ext\cglib-2.2.0-b21.jar;C:\Program Files\NetBeans-12.0\netbeans\enterprise\modules\ext\jersey2\ext\guava-14.0.1.jar;C:\Program Files\NetBeans-12.0\netbeans\enterprise\modules\ext\jersey2\ext\hk2-api-2.2.0-b21.jar;C:\Program Files\NetBeans-12.0\netbeans\enterprise\modules\ext\jersey2\ext\hk2-locator-2.2.0-b21.jar;C:\Program Files\NetBeans-12.0\netbeans\enterprise\modules\ext\jersey2\ext\hk2-utils-2.2.0-b21.jar;C:\Program Files\NetBeans-12.0\netbeans\enterprise\modules\ext\jersey2\ext\javax.annotation-api-1.2.jar;C:\Program Files\NetBeans-12.0\netbeans\enterprise\modules\ext\jersey2\ext\javax.inject-2.2.0-b21.jar;C:\Program Files\NetBeans-12.0\netbeans\enterprise\modules\ext\jersey2\ext\javax.servlet-api-3.0.1.jar;C:\Program Files\NetBeans-12.0\netbeans\enterprise\modules\ext\jersey2\ext\jaxb-api-2.2.7.jar;C:\Program Files\NetBeans-12.0\netbeans\enterprise\modules\ext\jersey2\ext\jersey-entity-filtering-2.5.1.jar;C:\Program Files\NetBeans-12.0\netbeans\enterprise\modules\ext\jersey2\ext\jersey-media-moxy-2.5.1.jar;C:\Program Files\NetBeans-12.0\netbeans\enterprise\modules\ext\jersey2\ext\org.osgi.core-4.2.0.jar;C:\Program Files\NetBeans-12.0\netbeans\enterprise\modules\ext\jersey2\ext\osgi-resource-locator-1.0.1.jar;C:\Program Files\NetBeans-12.0\netbeans\enterprise\modules\ext\jersey2\ext\persistence-api-1.0.jar;C:\Program Files\NetBeans-12.0\netbeans\enterprise\modules\ext\jersey2\ext\validation-api-1.1.0.Final.jar;C:\Program Files\NetBeans-12.0\netbeans\enterprise\modules\ext\jersey2\jersey-client.jar;C:\Program Files\NetBeans-12.0\netbeans\enterprise\modules\ext\jersey2\jersey-common.jar;C:\Program Files\NetBeans-12.0\netbeans\enterprise\modules\ext\jersey2\jersey-container-servlet.jar;C:\Program Files\NetBeans-12.0\netbeans\enterprise\modules\ext\jersey2\jersey-container-servlet-core.jar;C:\Program Files\NetBeans-12.0\netbeans\enterprise\modules\ext\jersey2\jersey-server.jar;C:\Program Files\NetBeans-12.0\netbeans\java\modules\ext\eclipselink\org.eclipse.persistence.core-2.5.2.jar;C:\Program Files\NetBeans-12.0\netbeans\java\modules\ext\eclipselink\org.eclipse.persistence.asm-2.5.2.jar;C:\Program Files\NetBeans-12.0\netbeans\java\modules\ext\eclipselink\org.eclipse.persistence.antlr-2.5.2.jar;C:\Program Files\NetBeans-12.0\netbeans\java\modules\ext\eclipselink\org.eclipse.persistence.jpa-2.5.2.jar;C:\Program Files\NetBeans-12.0\netbeans\java\modules\ext\eclipselink\org.eclipse.persistence.jpa.jpql-2.5.2.jar" />
    <property name="netbeans.extbrowser.manual_chrome_plugin_install" value="yes" />
    <property name="http.nonProxyHosts" value="localhost|127.0.0.1|LAPTOP-IV9GE5AS" />
    <property name="libs.junit_4.javadoc" value="C:\Program Files\NetBeans-12.0\netbeans\platform\docs\junit-4.12-javadoc.jar" />
    <property name="platforms.JDK_1.8.bootclasspath" value="C:\Program Files\Java\jdk1.8.0_211\jre\lib\resources.jar;C:\Program Files\Java\jdk1.8.0_211\jre\lib\rt.jar;C:\Program Files\Java\jdk1.8.0_211\jre\lib\sunrsasign.jar;C:\Program Files\Java\jdk1.8.0_211\jre\lib\jsse.jar;C:\Program Files\Java\jdk1.8.0_211\jre\lib\jce.jar;C:\Program Files\Java\jdk1.8.0_211\jre\lib\charsets.jar;C:\Program Files\Java\jdk1.8.0_211\jre\lib\jfr.jar;C:\Program Files\Java\jdk1.8.0_211\jre\classes;C:\Program Files\Java\jdk1.8.0_211\jre\lib\ext\access-bridge-64.jar;C:\Program Files\Java\jdk1.8.0_211\jre\lib\ext\cldrdata.jar;C:\Program Files\Java\jdk1.8.0_211\jre\lib\ext\dnsns.jar;C:\Program Files\Java\jdk1.8.0_211\jre\lib\ext\jaccess.jar;C:\Program Files\Java\jdk1.8.0_211\jre\lib\ext\jfxrt.jar;C:\Program Files\Java\jdk1.8.0_211\jre\lib\ext\localedata.jar;C:\Program Files\Java\jdk1.8.0_211\jre\lib\ext\nashorn.jar;C:\Program Files\Java\jdk1.8.0_211\jre\lib\ext\sunec.jar;C:\Program Files\Java\jdk1.8.0_211\jre\lib\ext\sunjce_provider.jar;C:\Program Files\Java\jdk1.8.0_211\jre\lib\ext\sunmscapi.jar;C:\Program Files\Java\jdk1.8.0_211\jre\lib\ext\sunpkcs11.jar;C:\Program Files\Java\jdk1.8.0_211\jre\lib\ext\zipfs.jar" />
    <property name="libs.EclipseLink-GlassFish-v3.maven-pom" value="" />
    <property name="javac.test.modulepath" value="" />
    <property name="libs.javaee-web-api-6.0.maven-pom" value="" />
    <property name="run.classpath" value="D:\DESCARGAS\MuseoMVC\libs\json-simple-1.1.1.jar:D:\DESCARGAS\MuseoMVC\libs\mysql-connector-java-8.0.26.jar:C:\Program Files\NetBeans-12.0\netbeans\java\modules\ext\AbsoluteLayout.jar:build/classes" />
    <property name="jna.boot.library.name" value="jnidispatch-nb" />
    <property name="libs.javaee-api-7.0.classpath" value="C:\Program Files\NetBeans-12.0\netbeans\enterprise\modules\ext\javaee-api-7.0.jar" />
    <property name="sun.awt.datatransfer.timeout" value="1000" />
    <property name="libs.spring-webmvc3.0.javadoc" value="" />
    <property name="annotation.processing.enabled.in.editor" value="false" />
    <property name="nb.native.filechooser" value="false" />
    <property name="libs.restapi.src" value="" />
    <property name="sun.management.compiler" value="HotSpot 64-Bit Tiered Compilers" />
    <property name="javac.deprecation" value="false" />
    <property name="javadoc.use" value="true" />
    <property name="sun.java2d.noddraw" value="true" />
    <property name="libs.jsp-compiler.classpath" value="C:\Program Files\NetBeans-12.0\netbeans\enterprise\ant\extra\jspcompile.jar" />
    <property name="javac.processorpath" value="D:\DESCARGAS\MuseoMVC\libs\json-simple-1.1.1.jar:D:\DESCARGAS\MuseoMVC\libs\mysql-connector-java-8.0.26.jar:C:\Program Files\NetBeans-12.0\netbeans\java\modules\ext\AbsoluteLayout.jar" />
    <property name="libs.hamcrest.maven-pom" value="" />
    <property name="libs.junit_5.classpath" value="C:\Program Files\NetBeans-12.0\netbeans\platform\modules\ext\junit-jupiter-api-5.6.0.jar;C:\Program Files\NetBeans-12.0\netbeans\platform\modules\ext\junit-jupiter-params-5.6.0.jar;C:\Program Files\NetBeans-12.0\netbeans\platform\modules\ext\junit-jupiter-engine-5.6.0.jar" />
    <property name="javac.compilerargs" value="" />
    <property name="ant.file" value="D:\DESCARGAS\MISIÓN_TIC_2022\PROGRAMACION\CICLO_II\PROGRAMACION_JAVA\FormulaMVC\build.xml" />
    <property name="libs.jsf12.classpath" value="C:\Program Files\NetBeans-12.0\netbeans\enterprise\modules\ext\jsf-1_2\jsf-api.jar;C:\Program Files\NetBeans-12.0\netbeans\enterprise\modules\ext\jsf-1_2\jsf-impl.jar" />
    <property name="libs.Java-EE-GlassFish-v3-Prelude.classpath" value="C:\AppServers\glassfish5\glassfish\modules\endorsed\grizzly-npn-bootstrap.jar;C:\AppServers\glassfish5\glassfish\modules\endorsed\javax.annotation-api.jar;C:\AppServers\glassfish5\glassfish\modules\endorsed\jaxb-api.jar;C:\AppServers\glassfish5\glassfish\modules\endorsed\webservices-api-osgi.jar;C:\AppServers\glassfish5\glassfish\modules\bean-validator.jar;C:\AppServers\glassfish5\glassfish\modules\cdi-api.jar;C:\AppServers\glassfish5\glassfish\modules\javax.batch-api.jar;C:\AppServers\glassfish5\glassfish\modules\javax.ejb-api.jar;C:\AppServers\glassfish5\glassfish\modules\javax.el.jar;C:\AppServers\glassfish5\glassfish\modules\javax.enterprise.concurrent-api.jar;C:\AppServers\glassfish5\glassfish\modules\javax.enterprise.concurrent.jar;C:\AppServers\glassfish5\glassfish\modules\javax.enterprise.deploy-api.jar;C:\AppServers\glassfish5\glassfish\modules\javax.faces.jar;C:\AppServers\glassfish5\glassfish\modules\javax.inject.jar;C:\AppServers\glassfish5\glassfish\modules\javax.interceptor-api.jar;C:\AppServers\glassfish5\glassfish\modules\javax.jms-api.jar;C:\AppServers\glassfish5\glassfish\modules\javax.json.bind-api.jar;C:\AppServers\glassfish5\glassfish\modules\javax.json.jar;C:\AppServers\glassfish5\glassfish\modules\javax.mail.jar;C:\AppServers\glassfish5\glassfish\modules\javax.management.j2ee-api.jar;C:\AppServers\glassfish5\glassfish\modules\javax.persistence.jar;C:\AppServers\glassfish5\glassfish\modules\javax.resource-api.jar;C:\AppServers\glassfish5\glassfish\modules\javax.security.auth.message-api.jar;C:\AppServers\glassfish5\glassfish\modules\javax.security.enterprise-api.jar;C:\AppServers\glassfish5\glassfish\modules\javax.security.enterprise.jar;C:\AppServers\glassfish5\glassfish\modules\javax.security.jacc-api.jar;C:\AppServers\glassfish5\glassfish\modules\javax.servlet-api.jar;C:\AppServers\glassfish5\glassfish\modules\javax.servlet.jsp-api.jar;C:\AppServers\glassfish5\glassfish\modules\javax.servlet.jsp.jar;C:\AppServers\glassfish5\glassfish\modules\javax.servlet.jsp.jstl-api.jar;C:\AppServers\glassfish5\glassfish\modules\javax.servlet.jsp.jstl.jar;C:\AppServers\glassfish5\glassfish\modules\javax.transaction-api.jar;C:\AppServers\glassfish5\glassfish\modules\javax.websocket-api.jar;C:\AppServers\glassfish5\glassfish\modules\javax.ws.rs-api.jar;C:\AppServers\glassfish5\glassfish\modules\javax.xml.registry-api.jar;C:\AppServers\glassfish5\glassfish\modules\javax.xml.rpc-api.jar;C:\AppServers\glassfish5\glassfish\modules\jaxb-osgi.jar;C:\AppServers\glassfish5\glassfish\modules\webservices-osgi.jar;C:\AppServers\glassfish5\glassfish\modules\weld-osgi-bundle.jar;C:\AppServers\glassfish5\mq\lib\jaxm-api.jar" />
    <property name="libs.jstl.maven-pom" value="" />
    <property name="ant.file.type.FormulaMVC" value="file" />
    <property name="libs.restapi.maven-pom" value="" />
    <property name="java.vm.specification.vendor" value="Oracle Corporation" />
    <property name="org.openide.major.version" value="IDE/1" />
    <property name="java.vm.name" value="Java HotSpot(TM) 64-Bit Server VM" />
    <property name="netbeans.user" value="C:\Users\delga\AppData\Roaming\NetBeans\12.0" />
    <property name="javadoc.additionalparam" value="" />
    <property name="java.io.tmpdir" value="C:\Users\delga\AppData\Local\Temp\" />
    <property name="java.vendor.url" value="http://java.oracle.com/" />
    <property name="endorsed.classpath.cmd.line.arg" value="" />
    <property name="jna.loaded" value="true" />
    <property name="junit.available" value="true" />
    <property name="libs.javaee-web-api-8.0.classpath" value="C:\Program Files\NetBeans-12.0\netbeans\enterprise\modules\ext\javaee-web-api-8.0.jar" />
    <property name="libs.jsp-compiler.src" value="" />
    <property name="sun.boot.library.path" value="C:\Program Files\Java\jdk1.8.0_211\jre\bin" />
    <property name="have.sources" value="true" />
    <property name="libs.hamcrest.javadoc" value="" />
    <property name="debug.classpath" value="D:\DESCARGAS\MuseoMVC\libs\json-simple-1.1.1.jar:D:\DESCARGAS\MuseoMVC\libs\mysql-connector-java-8.0.26.jar:C:\Program Files\NetBeans-12.0\netbeans\java\modules\ext\AbsoluteLayout.jar:build/classes" />
    <property name="javac.external.vm" value="true" />
    <property name="javadoc.private" value="false" />
    <property name="test.src.dir" value="test" />
    <property name="libs.jsf20.classpath" value="C:\Program Files\NetBeans-12.0\netbeans\enterprise\modules\ext\jsf-2_2\javax.faces.jar" />
    <property name="java.vendor.version" value="AdoptOpenJDK-11.0.11+9" />
    <property name="ap.processors.internal" value="" />
    <property name="dist.jlink.dir" value="dist/jlink" />
    <property name="libs.javaee-api-8.0.javadoc" value="C:\Program Files\NetBeans-12.0\netbeans\enterprise\docs\javaee-doc-api.jar" />
    <property name="meta.inf.dir" value="src/META-INF" />
    <property name="javadoc.encoding.used" value="UTF-8" />
    <property name="dist.jar" value="dist/FormulaMVC.jar" />
    <property name="libs.spring-framework400.maven-pom" value="" />
    <property name="netbeans.automatic.build" value="true" />
    <property name="java.runtime.name" value="Java(TM) SE Runtime Environment" />
    <property name="debug.test.modulepath" value="" />
    <property name="ant.project.name" value="FormulaMVC" />
    <property name="libs.spring-webmvc5.0.src" value="" />
    <property name="netbeans.hash.code" value="unique=NB_EXTIDE_JAVA_PHP_WEBCOMMON_WEBEE0326d612c-3f14-4641-aa05-b05573bd44ef_bb21a658-0e14-4f40-9ebc-657d270c71c4" />
    <property name="netbeans.default_userdir_root" value="C:\Users\delga\AppData\Roaming\NetBeans" />
    <property name="libs.jsp-compilation-syscp.maven-pom" value="" />
    <property name="platform.javadoc" value="C:\Program Files\Java\jdk1.8.0_211/bin/javadoc" />
    <property name="platform.javadoc.tmp" value="${platforms.JDK_1.8.javadoc}" />
    <property name="sun.cpu.isalist" value="amd64" />
    <property name="libs.spring-framework400.javadoc" value="" />
    <property name="libs.CopyLibs.javadoc" value="" />
    <property name="platform.compiler" value="${platforms.JDK_1.8.compile}" />
    <property name="javadoc.html5" value="false" />
    <property name="org.openide.specification.version" value="6.2" />
    <property name="libs.maven-dependencies.maven-pom" value="" />
    <property name="user.home" value="C:\Users\delga" />
    <property name="annotation.processing.processors.list" value="" />
    <property name="libs.primefaces.maven-pom" value="" />
    <property name="sun.zip.disableMemoryMapping" value="true" />
    <property name="libs.javaee-api-6.0.maven-pom" value="" />
    <property name="platform.javac.tmp" value="${platforms.JDK_1.8.javac}" />
    <property name="libs.JWSAntTasks.src" value="" />
    <property name="jar.index" value="false" />
    <property name="libs.CopyLibs.maven-pom" value="" />
    <property name="libs.spring-framework300.javadoc" value="" />
    <property name="libs.absolutelayout.javadoc" value="" />
    <property name="guice.disable.misplaced.annotation.check" value="true" />
    <property name="java.specification.name" value="Java Platform API Specification" />
    <property name="libs.spring-webmvc5.0.maven-pom" value="" />
    <property name="do.archive+main.class.available" value="true" />
    <property name="java.specification.vendor" value="Oracle Corporation" />
    <property name="libs.javac-api.classpath" value="" />
    <property name="java.version" value="1.8.0_211" />
    <property name="javadoc.version" value="false" />
    <property name="run.jvmargs.ide" value="" />
    <property name="javac.processormodulepath" value="" />
    <property name="org.openide.version" value="deprecated" />
    <property name="source.encoding" value="UTF-8" />
    <property name="platform.java" value="C:\Program Files\Java\jdk1.8.0_211/bin/java" />
    <property name="ap.cmd.line.internal" value="" />
    <property name="java.vm.compressedOopsMode" value="Zero based" />
    <property name="libs.eclipselinkmodelgen.maven-pom" value="" />
    <property name="libs.jsp-compilation-syscp.javadoc" value="" />
    <property name="libs.javaee-web-api-8.0.src" value="" />
    <property name="libs.javaee-endorsed-api-7.0.classpath" value="C:\Program Files\NetBeans-12.0\netbeans\enterprise\modules\ext\javaee7-endorsed\javax.annotation-api.jar;C:\Program Files\NetBeans-12.0\netbeans\enterprise\modules\ext\javaee7-endorsed\javax.xml.soap-api.jar;C:\Program Files\NetBeans-12.0\netbeans\enterprise\modules\ext\javaee7-endorsed\jaxb-api-osgi.jar;C:\Program Files\NetBeans-12.0\netbeans\enterprise\modules\ext\javaee7-endorsed\jaxws-api.jar;C:\Program Files\NetBeans-12.0\netbeans\enterprise\modules\ext\javaee7-endorsed\jsr181-api.jar" />
    <property name="libs.eclipselinkmodelgen.javadoc" value="" />
    <property name="libs.metro.javadoc" value="C:\Program Files\NetBeans-12.0\netbeans\enterprise\docs\webservices-api-javadoc.jar;C:\Program Files\NetBeans-12.0\netbeans\enterprise\docs\webservices-extra-javadoc.jar;C:\Program Files\NetBeans-12.0\netbeans\enterprise\docs\webservices-extra-api-javadoc.jar;C:\Program Files\NetBeans-12.0\netbeans\enterprise\docs\webservices-rt-javadoc.jar;C:\Program Files\NetBeans-12.0\netbeans\enterprise\docs\webservices-tools-javadoc.jar" />
    <property name="libs.struts.maven-pom" value="" />
    <property name="jnidispatch.path" value="C:\Users\delga\AppData\Local\Temp\jna-95468069\jna271017524866967194.dll" />
    <property name="netbeans.home+have.tests" value="true" />
    <property name="annotation.processing.processor.options" value="" />
    <property name="libs.testng.maven-pom" value="" />
    <property name="libs.jaxb.src" value="" />
    <property name="work.dir" value="D:\DESCARGAS\MISIÓN_TIC_2022\PROGRAMACION\CICLO_II\PROGRAMACION_JAVA\FormulaMVC" />
    <property name="libs.jaxb.classpath" value="C:\Program Files\NetBeans-12.0\netbeans\ide\modules\ext\jaxb\jaxb-impl.jar;C:\Program Files\NetBeans-12.0\netbeans\ide\modules\ext\jaxb\jaxb-xjc.jar;C:\Program Files\NetBeans-12.0\netbeans\ide\modules\ext\jaxb\jaxb1-impl.jar;C:\Program Files\NetBeans-12.0\netbeans\ide\modules\ext\jaxb\activation.jar;C:\Program Files\NetBeans-12.0\netbeans\ide\modules\ext\jaxb\api\jaxb-api.jar" />
    <property name="php.global.include.path" value="" />
    <property name="do.depend" value="false" />
    <property name="dist.javadoc.dir" value="dist/javadoc" />
    <property name="libs.spring-webmvc3.0.classpath" value="" />
    <property name="libs.javaee-web-api-7.0.maven-pom" value="" />
    <property name="libs.restlib.src" value="" />
    <property name="javac.source" value="1.8" />
    <property name="build.generated.dir" value="build/generated" />
    <property name="java.version.date" value="2021-04-20" />
    <property name="line.separator" value="&#xd;&#xa;" />
    <property name="libs.javaee-api-8.0.classpath" value="C:\Program Files\NetBeans-12.0\netbeans\enterprise\modules\ext\javaee-api-8.0.jar" />
    <property name="java.specification.version" value="1.8" />
    <property name="java.vm.info" value="mixed mode" />
    <property name="libs.jaxws21.maven-pom" value="" />
    <property name="nb.junit.batch" value="true" />
    <property name="junit.forkmode" value="perTest" />
    <property name="platform.java.tmp" value="${platforms.JDK_1.8.java}" />
    <property name="sun.boot.class.path" value="C:\Program Files\Java\jdk1.8.0_211\jre\lib\resources.jar;C:\Program Files\Java\jdk1.8.0_211\jre\lib\rt.jar;C:\Program Files\Java\jdk1.8.0_211\jre\lib\sunrsasign.jar;C:\Program Files\Java\jdk1.8.0_211\jre\lib\jsse.jar;C:\Program Files\Java\jdk1.8.0_211\jre\lib\jce.jar;C:\Program Files\Java\jdk1.8.0_211\jre\lib\charsets.jar;C:\Program Files\Java\jdk1.8.0_211\jre\lib\jfr.jar;C:\Program Files\Java\jdk1.8.0_211\jre\classes" />
    <property name="javac.target" value="1.8" />
    <property name="built-jar.properties" value="D:\DESCARGAS\MISIÓN_TIC_2022\PROGRAMACION\CICLO_II\PROGRAMACION_JAVA\FormulaMVC\build\built-jar.properties" />
    <property name="build.test.classes.dir" value="build/test/classes" />
    <property name="src.dir" value="src" />
    <property name="javac.test.compilerargs" value="" />
    <property name="sun.awt.keepWorkingSetOnMinimize" value="true" />
    <property name="annotation.processing.enabled" value="true" />
    <property name="libs.jsf20.src" value="" />
    <property name="libs.jpa20-persistence.src" value="" />
    <property name="libs.jsf12.src" value="" />
    <property name="libs.JAVADB_DRIVER_LABEL.maven-pom" value="" />
    <property name="libs.struts.javadoc" value="C:\Program Files\NetBeans-12.0\netbeans\enterprise\docs\struts-1.3.10-javadoc.zip" />
    <property name="ignore.failing.tests" value="true" />
    <property name="libs.Comet-GlassFish-v3.classpath" value="" />
    <property name="libs.maven-dependencies.src" value="" />
    <property name="libs.javaee-web-api-7.0.src" value="" />
    <property name="libs.primefaces.src" value="" />
    <property name="dist.dir" value="dist" />
    <property name="libs.groovy-all.javadoc" value="" />
    <property name="jlink.launcher" value="true" />
    <property name="testng.debug.mode" value="" />
    <property name="libs.groovy-all.classpath" value="C:\Program Files\NetBeans-12.0\netbeans\groovy\modules\ext\groovy.jar;C:\Program Files\NetBeans-12.0\netbeans\groovy\modules\ext\groovy-ant.jar" />
    <property name="jlink.additionalparam" value="" />
    <property name="java.awt.printerjob" value="sun.awt.windows.WPrinterJob" />
    <property name="default.javac.source" value="11" />
    <property name="debug-transport-by-os" value="dt_shmem" />
    <property name="sun.jnu.encoding" value="Cp1252" />
    <property name="run.test.jvmargs" value="" />
    <property name="build.test.results.dir" value="build/test/results" />
    <property name="java.runtime.version" value="1.8.0_211-b12" />
    <property name="default.javac.target" value="11" />
    <property name="libs.junit_4.classpath" value="C:\Program Files\NetBeans-12.0\netbeans\platform\modules\ext\junit-4.12.jar" />
    <property name="user.timezone" value="" />
    <property name="nb.junit.single" value="false" />
    <property name="libs.JAVADB_DRIVER_LABEL.javadoc" value="" />
    <property name="netbeans.dirs" value="C:\Program Files\NetBeans-12.0\netbeans\nb;C:\Program Files\NetBeans-12.0\netbeans\ergonomics;C:\Program Files\NetBeans-12.0\netbeans\ide;C:\Program Files\NetBeans-12.0\netbeans\extide;C:\Program Files\NetBeans-12.0\netbeans\java;C:\Program Files\NetBeans-12.0\netbeans\apisupport;C:\Program Files\NetBeans-12.0\netbeans\webcommon;C:\Program Files\NetBeans-12.0\netbeans\websvccommon;C:\Program Files\NetBeans-12.0\netbeans\enterprise;C:\Program Files\NetBeans-12.0\netbeans\mobility;C:\Program Files\NetBeans-12.0\netbeans\profiler;C:\Program Files\NetBeans-12.0\netbeans\python;C:\Program Files\NetBeans-12.0\netbeans\php;C:\Program Files\NetBeans-12.0\netbeans\identity;C:\Program Files\NetBeans-12.0\netbeans\harness;C:\Program Files\NetBeans-12.0\netbeans\cnd;C:\Program Files\NetBeans-12.0\netbeans\cndext;C:\Program Files\NetBeans-12.0\netbeans\dlight;C:\Program Files\NetBeans-12.0\netbeans\groovy;C:\Program Files\NetBeans-12.0\netbeans\extra;C:\Program Files\NetBeans-12.0\netbeans\javacard;C:\Program Files\NetBeans-12.0\netbeans\javafx" />
    <property name="libs.spring-framework500.maven-pom" value="" />
    <property name="libs.jsf20.javadoc" value="C:\Program Files\NetBeans-12.0\netbeans\enterprise\docs\javaee-doc-api.jar" />
    <property name="libs.jstl.javadoc" value="C:\Program Files\NetBeans-12.0\netbeans\enterprise\docs\javaee-doc-api.jar" />
    <property name="java.ext.dirs" value="C:\Program Files\Java\jdk1.8.0_211\jre\lib\ext;C:\WINDOWS\Sun\Java\lib\ext" />
    <property name="libs.metro.src" value="" />
    <property name="libs.absolutelayout.classpath" value="C:\Program Files\NetBeans-12.0\netbeans\java\modules\ext\AbsoluteLayout.jar" />
    <property name="file.reference.mysql-connector-java-8.0.26.jar" value="D:\DESCARGAS\MuseoMVC\libs\mysql-connector-java-8.0.26.jar" />
    <property name="excludes" value="" />
    <property name="libs.metro.classpath" value="C:\Program Files\NetBeans-12.0\netbeans\ide\modules\ext\jaxb\activation.jar;C:\Program Files\NetBeans-12.0\netbeans\enterprise\modules\ext\metro\webservices-api.jar;C:\Program Files\NetBeans-12.0\netbeans\enterprise\modules\ext\metro\webservices-extra-api.jar;C:\Program Files\NetBeans-12.0\netbeans\enterprise\modules\ext\metro\webservices-extra.jar;C:\Program Files\NetBeans-12.0\netbeans\enterprise\modules\ext\metro\webservices-rt.jar;C:\Program Files\NetBeans-12.0\netbeans\enterprise\modules\ext\metro\webservices-tools.jar" />
    <property name="libs.restlib.maven-pom" value="" />
    <property name="apple.laf.useScreenMenuBar" value="true" />
    <property name="java.class.path" value="D:\DESCARGAS\MuseoMVC\libs\json-simple-1.1.1.jar;D:\DESCARGAS\MuseoMVC\libs\mysql-connector-java-8.0.26.jar;C:\Program Files\NetBeans-12.0\netbeans\java\modules\ext\AbsoluteLayout.jar;D:\DESCARGAS\MISIÓN_TIC_2022\PROGRAMACION\CICLO_II\PROGRAMACION_JAVA\FormulaMVC\build\classes;C:\Program Files\NetBeans-12.0\netbeans\platform\modules\ext\junit-jupiter-api-5.6.0.jar;C:\Program Files\NetBeans-12.0\netbeans\platform\modules\ext\junit-jupiter-params-5.6.0.jar;C:\Program Files\NetBeans-12.0\netbeans\platform\modules\ext\junit-jupiter-engine-5.6.0.jar;C:\Program Files\NetBeans-12.0\netbeans\platform\modules\ext\junit-4.12.jar;D:\DESCARGAS\MISIÓN_TIC_2022\PROGRAMACION\CICLO_II\PROGRAMACION_JAVA\FormulaMVC\build\test\classes;D:\DESCARGAS\MISIÓN_TIC_2022\PROGRAMACION\CICLO_II\PROGRAMACION_JAVA\FormulaMVC;C:\Program Files\NetBeans-12.0\netbeans\extide\ant\lib\ant-launcher.jar;C:\Program Files\NetBeans-12.0\netbeans\extide\ant\lib\ant.jar;C:\Program Files\NetBeans-12.0\netbeans\extide\ant\lib\ant-junit.jar;C:\Program Files\NetBeans-12.0\netbeans\extide\ant\lib\ant-junit4.jar" />
    <property name="libs.absolutelayout.src" value="" />
    <property name="libs.jpa20-persistence.classpath" value="C:\Program Files\NetBeans-12.0\netbeans\java\modules\ext\eclipselink\javax.persistence-2.1.0.jar" />
    <property name="libs.junit_5.javadoc" value="C:\Program Files\NetBeans-12.0\netbeans\platform\docs\junit-jupiter-api-5.6.0-javadoc.jar;C:\Program Files\NetBeans-12.0\netbeans\platform\docs\junit-jupiter-params-5.6.0-javadoc.jar;C:\Program Files\NetBeans-12.0\netbeans\platform\docs\junit-jupiter-engine-5.6.0-javadoc.jar" />
    <property name="libs.spring-framework500.src" value="" />
    <property name="os.version" value="10.0" />
    <property name="application.args" value="" />
    <property name="libs.EclipseLink-GlassFish-v3.javadoc" value="C:\Program Files\NetBeans-12.0\netbeans\enterprise\docs\javaee-doc-api.jar" />
    <property name="libs.javaee-api-7.0.maven-pom" value="" />
    <property name="main.class.available" value="true" />
    <property name="sun.awt.enableExtraMouseButtons" value="true" />
    <property name="sun.desktop" value="windows" />
    <property name="jlink.launcher.name" value="FormulaMVC" />
    <property name="libs.Comet-GlassFish-v3.src" value="" />
    <property name="libs.restlib.javadoc" value="" />
    <property name="libs.JAXB-ENDORSED.classpath" value="C:\Program Files\NetBeans-12.0\netbeans\ide\modules\ext\jaxb\api\jaxb-api.jar" />
    <property name="nb.internal.action.name" value="test" />
    <property name="run.test.modulepath" value="" />
    <property name="libs.javaee-api-7.0.javadoc" value="C:\Program Files\NetBeans-12.0\netbeans\enterprise\docs\javaee-doc-api.jar" />
    <property name="libs.eclipselink.classpath" value="C:\Program Files\NetBeans-12.0\netbeans\java\modules\ext\eclipselink\org.eclipse.persistence.core-2.5.2.jar;C:\Program Files\NetBeans-12.0\netbeans\java\modules\ext\eclipselink\org.eclipse.persistence.asm-2.5.2.jar;C:\Program Files\NetBeans-12.0\netbeans\java\modules\ext\eclipselink\org.eclipse.persistence.antlr-2.5.2.jar;C:\Program Files\NetBeans-12.0\netbeans\java\modules\ext\eclipselink\org.eclipse.persistence.jpa-2.5.2.jar;C:\Program Files\NetBeans-12.0\netbeans\java\modules\ext\eclipselink\org.eclipse.persistence.jpa.jpql-2.5.2.jar;C:\Program Files\NetBeans-12.0\netbeans\java\modules\ext\eclipselink\javax.persistence-2.1.0.jar" />
    <property name="java.awt.graphicsenv" value="sun.awt.Win32GraphicsEnvironment" />
    <property name="java.vm.vendor" value="Oracle Corporation" />
    <property name="libs.CopyLibs.classpath" value="C:\Program Files\NetBeans-12.0\netbeans\java\ant\extra\org-netbeans-modules-java-j2seproject-copylibstask.jar" />
    <property name="libs.javaee-api-8.0.src" value="" />
    <property name="libs.maven-dependencies.javadoc" value="C:\Program Files\NetBeans-12.0\netbeans\enterprise\docs\javaee-doc-api.jar" />
    <property name="libs.spring-framework300.classpath" value="C:\Program Files\NetBeans-12.0\netbeans\platform\modules\org-apache-commons-logging.jar;C:\Program Files\NetBeans-12.0\netbeans\java\modules\ext\cglib-2.2.jar;C:\Program Files\NetBeans-12.0\netbeans\java\modules\ext\spring-3.0\spring-aop-3.2.18.RELEASE.jar;C:\Program Files\NetBeans-12.0\netbeans\java\modules\ext\spring-3.0\spring-aspects-3.2.18.RELEASE.jar;C:\Program Files\NetBeans-12.0\netbeans\java\modules\ext\spring-3.0\spring-beans-3.2.18.RELEASE.jar;C:\Program Files\NetBeans-12.0\netbeans\java\modules\ext\spring-3.0\spring-context-3.2.18.RELEASE.jar;C:\Program Files\NetBeans-12.0\netbeans\java\modules\ext\spring-3.0\spring-context-support-3.2.18.RELEASE.jar;C:\Program Files\NetBeans-12.0\netbeans\java\modules\ext\spring-3.0\spring-core-3.2.18.RELEASE.jar;C:\Program Files\NetBeans-12.0\netbeans\java\modules\ext\spring-3.0\spring-expression-3.2.18.RELEASE.jar;C:\Program Files\NetBeans-12.0\netbeans\java\modules\ext\spring-3.0\spring-instrument-3.2.18.RELEASE.jar;C:\Program Files\NetBeans-12.0\netbeans\java\modules\ext\spring-3.0\spring-instrument-tomcat-3.2.18.RELEASE.jar;C:\Program Files\NetBeans-12.0\netbeans\java\modules\ext\spring-3.0\spring-jdbc-3.2.18.RELEASE.jar;C:\Program Files\NetBeans-12.0\netbeans\java\modules\ext\spring-3.0\spring-jms-3.2.18.RELEASE.jar;C:\Program Files\NetBeans-12.0\netbeans\java\modules\ext\spring-3.0\spring-orm-3.2.18.RELEASE.jar;C:\Program Files\NetBeans-12.0\netbeans\java\modules\ext\spring-3.0\spring-oxm-3.2.18.RELEASE.jar;C:\Program Files\NetBeans-12.0\netbeans\java\modules\ext\spring-3.0\spring-struts-3.2.18.RELEASE.jar;C:\Program Files\NetBeans-12.0\netbeans\java\modules\ext\spring-3.0\spring-test-3.2.18.RELEASE.jar;C:\Program Files\NetBeans-12.0\netbeans\java\modules\ext\spring-3.0\spring-tx-3.2.18.RELEASE.jar;C:\Program Files\NetBeans-12.0\netbeans\java\modules\ext\spring-3.0\spring-web-3.2.18.RELEASE.jar;C:\Program Files\NetBeans-12.0\netbeans\java\modules\ext\spring-3.0\spring-webmvc-3.2.18.RELEASE.jar;C:\Program Files\NetBeans-12.0\netbeans\java\modules\ext\spring-3.0\spring-webmvc-portlet-3.2.18.RELEASE.jar" />
    <property name="libs.jsp-compiler.maven-pom" value="" />
    <property name="libs.junit_5.maven-pom" value="" />
    <property name="libs.hamcrest.src" value="" />
    <property name="run.jvmargs" value="" />
    <property name="libs.JAXB-ENDORSED.src" value="" />
    <property name="dist.archive.excludes" value="" />
    <property name="libs.testng.javadoc" value="C:\Program Files\NetBeans-12.0\netbeans\platform\docs\testng-6.8.1-javadoc.zip" />
    <property name="platforms.JDK_1.8.home" value="C:\Program Files\Java\jdk1.8.0_211" />
    <property name="user.script" value="" />
    <property name="libs.PostgreSQLDriver.classpath" value="C:\Program Files\NetBeans-12.0\netbeans\ide\modules\ext\postgresql-42.2.10.jar" />
    <property name="libs.jsf12.maven-pom" value="" />
    <property name="annotation.processing.source.output" value="build/generated-sources/ap-source-output" />
    <property name="main.class" value="formulamvc.FormulaMVC" />
    <property name="libs.CopyLibs.src" value="" />
    <property name="build.dir" value="build" />
    <property name="libs.jsp-compilation.classpath" value="C:\Program Files\NetBeans-12.0\netbeans\extide\ant\lib\ant.jar;C:\Program Files\NetBeans-12.0\netbeans\enterprise\modules\ext\servlet3.1-jsp2.3-api.jar;C:\Program Files\NetBeans-12.0\netbeans\enterprise\modules\ext\glassfish-jspparser-4.0.jar;C:\Program Files\NetBeans-12.0\netbeans\enterprise\modules\ext\jsf-2_2\javax.faces.jar;C:\Program Files\NetBeans-12.0\netbeans\enterprise\modules\ext\jstl-api.jar;C:\Program Files\NetBeans-12.0\netbeans\extide\ant\lib\ant-launcher.jar" />
    <property name="libs.javaee-web-api-8.0.javadoc" value="C:\Program Files\NetBeans-12.0\netbeans\enterprise\docs\javaee-doc-api.jar" />
    <property name="debug.modulepath" value="" />
    <property name="ant.version" value="Apache Ant(TM) version 1.10.4 compiled on June 19 2018" />
    <property name="file.encoding" value="Cp1252" />
    <property name="build.classes.excludes" value="**/*.java,**/*.form" />
    <property name="javadoc.nonavbar" value="false" />
    <property name="libs.spring-webmvc4.0.classpath" value="C:\Program Files\NetBeans-12.0\netbeans\java\modules\ext\spring-4\spring-webmvc-4.3.25.RELEASE.jar" />
    <property name="platform.active" value="JDK_1.8" />
    <property name="libs.javaee-web-api-8.0.maven-pom" value="" />
    <property name="awt.toolkit" value="sun.awt.windows.WToolkit" />
    <property name="libs.javaee-web-api-7.0.javadoc" value="C:\Program Files\NetBeans-12.0\netbeans\enterprise\docs\javaee-doc-api.jar" />
  </properties>
  <testcase classname="access.CarreraDAOTest" name="initializationError" time="0.017">
    <error message="org/hamcrest/SelfDescribing" type="java.lang.NoClassDefFoundError">java.lang.NoClassDefFoundError: org/hamcrest/SelfDescribing
	at java.lang.ClassLoader.defineClass1(Native Method)
	at java.lang.ClassLoader.defineClass(ClassLoader.java:763)
	at java.security.SecureClassLoader.defineClass(SecureClassLoader.java:142)
	at java.net.URLClassLoader.defineClass(URLClassLoader.java:468)
	at java.net.URLClassLoader.access$100(URLClassLoader.java:74)
	at java.net.URLClassLoader$1.run(URLClassLoader.java:369)
	at java.net.URLClassLoader$1.run(URLClassLoader.java:363)
	at java.security.AccessController.doPrivileged(Native Method)
	at java.net.URLClassLoader.findClass(URLClassLoader.java:362)
	at java.lang.ClassLoader.loadClass(ClassLoader.java:424)
	at sun.misc.Launcher$AppClassLoader.loadClass(Launcher.java:349)
	at java.lang.ClassLoader.loadClass(ClassLoader.java:357)
	at java.lang.reflect.Constructor.newInstance(Constructor.java:423)
Caused by: java.lang.ClassNotFoundException: org.hamcrest.SelfDescribing
	at java.net.URLClassLoader.findClass(URLClassLoader.java:382)
	at java.lang.ClassLoader.loadClass(ClassLoader.java:424)
	at sun.misc.Launcher$AppClassLoader.loadClass(Launcher.java:349)
	at java.lang.ClassLoader.loadClass(ClassLoader.java:357)
</error>
  </testcase>
  <system-out><![CDATA[]]></system-out>
  <system-err><![CDATA[]]></system-err>
</testsuite>
